{
  "RSpec": {
    "coverage": {
      "/Users/faraaz/Developer/demo/settings/app/controllers/application_controller.rb": [
        1,
        1,
        null
      ],
      "/Users/faraaz/Developer/demo/settings/app/helpers/application_helper.rb": [
        1,
        null
      ],
      "/Users/faraaz/Developer/demo/settings/app/models/setting.rb": [
        1,
        1,
        1,
        1,
        1,
        1,
        1,
        1,
        null,
        null,
        1,
        22,
        null,
        null,
        null,
        null
      ]
    },
    "timestamp": 1351444541
  }
}
